<?xml version="1.0" encoding="UTF-8"?>
<testsuite xmlns:xsi="http://www.w3.org/2001/XMLSchema-instance" xsi:noNamespaceSchemaLocation="https://maven.apache.org/surefire/maven-surefire-plugin/xsd/surefire-test-report.xsd" name="com.mli.assetjdbc.ApiSpringBoot2ApplicationTests" time="1.833" tests="1" errors="0" skipped="0" failures="0">
  <properties>
    <property name="sun.desktop" value="windows"/>
    <property name="awt.toolkit" value="sun.awt.windows.WToolkit"/>
    <property name="java.specification.version" value="11"/>
    <property name="sun.cpu.isalist" value="amd64"/>
    <property name="sun.jnu.encoding" value="MS950"/>
    <property name="java.class.path" value="D:\Users\D3031104\Desktop\asset-jpdc\target\test-classes;D:\Users\D3031104\Desktop\asset-jpdc\target\classes;D:\Users\D3031104\.m2\repository\org\springframework\boot\spring-boot-autoconfigure\2.7.13\spring-boot-autoconfigure-2.7.13.jar;D:\Users\D3031104\.m2\repository\org\springframework\boot\spring-boot\2.7.13\spring-boot-2.7.13.jar;D:\Users\D3031104\.m2\repository\org\springframework\spring-context\5.3.28\spring-context-5.3.28.jar;D:\Users\D3031104\.m2\repository\commons-logging\commons-logging\1.3.0\commons-logging-1.3.0.jar;D:\Users\D3031104\.m2\repository\com\google\code\gson\gson\2.10.1\gson-2.10.1.jar;D:\Users\D3031104\.m2\repository\org\apache\httpcomponents\httpclient\4.5.13\httpclient-4.5.13.jar;D:\Users\D3031104\.m2\repository\commons-codec\commons-codec\1.15\commons-codec-1.15.jar;D:\Users\D3031104\.m2\repository\org\apache\httpcomponents\httpcore\4.4.16\httpcore-4.4.16.jar;D:\Users\D3031104\.m2\repository\org\springframework\boot\spring-boot-starter-web\2.7.13\spring-boot-starter-web-2.7.13.jar;D:\Users\D3031104\.m2\repository\org\springframework\boot\spring-boot-starter\2.7.13\spring-boot-starter-2.7.13.jar;D:\Users\D3031104\.m2\repository\org\springframework\boot\spring-boot-starter-logging\2.7.13\spring-boot-starter-logging-2.7.13.jar;D:\Users\D3031104\.m2\repository\org\apache\logging\log4j\log4j-to-slf4j\2.17.2\log4j-to-slf4j-2.17.2.jar;D:\Users\D3031104\.m2\repository\org\apache\logging\log4j\log4j-api\2.17.2\log4j-api-2.17.2.jar;D:\Users\D3031104\.m2\repository\org\slf4j\jul-to-slf4j\1.7.36\jul-to-slf4j-1.7.36.jar;D:\Users\D3031104\.m2\repository\org\yaml\snakeyaml\1.30\snakeyaml-1.30.jar;D:\Users\D3031104\.m2\repository\org\springframework\boot\spring-boot-starter-json\2.7.13\spring-boot-starter-json-2.7.13.jar;D:\Users\D3031104\.m2\repository\com\fasterxml\jackson\core\jackson-databind\2.13.5\jackson-databind-2.13.5.jar;D:\Users\D3031104\.m2\repository\com\fasterxml\jackson\core\jackson-annotations\2.13.5\jackson-annotations-2.13.5.jar;D:\Users\D3031104\.m2\repository\com\fasterxml\jackson\core\jackson-core\2.13.5\jackson-core-2.13.5.jar;D:\Users\D3031104\.m2\repository\com\fasterxml\jackson\datatype\jackson-datatype-jdk8\2.13.5\jackson-datatype-jdk8-2.13.5.jar;D:\Users\D3031104\.m2\repository\com\fasterxml\jackson\datatype\jackson-datatype-jsr310\2.13.5\jackson-datatype-jsr310-2.13.5.jar;D:\Users\D3031104\.m2\repository\com\fasterxml\jackson\module\jackson-module-parameter-names\2.13.5\jackson-module-parameter-names-2.13.5.jar;D:\Users\D3031104\.m2\repository\org\springframework\spring-web\5.3.28\spring-web-5.3.28.jar;D:\Users\D3031104\.m2\repository\org\springframework\spring-beans\5.3.28\spring-beans-5.3.28.jar;D:\Users\D3031104\.m2\repository\org\springframework\spring-webmvc\5.3.28\spring-webmvc-5.3.28.jar;D:\Users\D3031104\.m2\repository\org\springframework\spring-aop\5.3.28\spring-aop-5.3.28.jar;D:\Users\D3031104\.m2\repository\org\springframework\spring-expression\5.3.28\spring-expression-5.3.28.jar;D:\Users\D3031104\.m2\repository\org\springframework\boot\spring-boot-devtools\2.7.13\spring-boot-devtools-2.7.13.jar;D:\Users\D3031104\.m2\repository\org\springframework\boot\spring-boot-starter-tomcat\2.7.13\spring-boot-starter-tomcat-2.7.13.jar;D:\Users\D3031104\.m2\repository\jakarta\annotation\jakarta.annotation-api\1.3.5\jakarta.annotation-api-1.3.5.jar;D:\Users\D3031104\.m2\repository\org\apache\tomcat\embed\tomcat-embed-core\9.0.76\tomcat-embed-core-9.0.76.jar;D:\Users\D3031104\.m2\repository\org\apache\tomcat\embed\tomcat-embed-el\9.0.76\tomcat-embed-el-9.0.76.jar;D:\Users\D3031104\.m2\repository\org\apache\tomcat\embed\tomcat-embed-websocket\9.0.76\tomcat-embed-websocket-9.0.76.jar;D:\Users\D3031104\.m2\repository\org\springframework\boot\spring-boot-starter-test\2.7.13\spring-boot-starter-test-2.7.13.jar;D:\Users\D3031104\.m2\repository\org\springframework\boot\spring-boot-test\2.7.13\spring-boot-test-2.7.13.jar;D:\Users\D3031104\.m2\repository\org\springframework\boot\spring-boot-test-autoconfigure\2.7.13\spring-boot-test-autoconfigure-2.7.13.jar;D:\Users\D3031104\.m2\repository\com\jayway\jsonpath\json-path\2.7.0\json-path-2.7.0.jar;D:\Users\D3031104\.m2\repository\net\minidev\json-smart\2.4.11\json-smart-2.4.11.jar;D:\Users\D3031104\.m2\repository\net\minidev\accessors-smart\2.4.11\accessors-smart-2.4.11.jar;D:\Users\D3031104\.m2\repository\org\ow2\asm\asm\9.3\asm-9.3.jar;D:\Users\D3031104\.m2\repository\jakarta\xml\bind\jakarta.xml.bind-api\2.3.3\jakarta.xml.bind-api-2.3.3.jar;D:\Users\D3031104\.m2\repository\jakarta\activation\jakarta.activation-api\1.2.2\jakarta.activation-api-1.2.2.jar;D:\Users\D3031104\.m2\repository\org\assertj\assertj-core\3.22.0\assertj-core-3.22.0.jar;D:\Users\D3031104\.m2\repository\org\hamcrest\hamcrest\2.2\hamcrest-2.2.jar;D:\Users\D3031104\.m2\repository\org\junit\jupiter\junit-jupiter\5.8.2\junit-jupiter-5.8.2.jar;D:\Users\D3031104\.m2\repository\org\junit\jupiter\junit-jupiter-api\5.8.2\junit-jupiter-api-5.8.2.jar;D:\Users\D3031104\.m2\repository\org\opentest4j\opentest4j\1.2.0\opentest4j-1.2.0.jar;D:\Users\D3031104\.m2\repository\org\junit\platform\junit-platform-commons\1.8.2\junit-platform-commons-1.8.2.jar;D:\Users\D3031104\.m2\repository\org\apiguardian\apiguardian-api\1.1.2\apiguardian-api-1.1.2.jar;D:\Users\D3031104\.m2\repository\org\junit\jupiter\junit-jupiter-params\5.8.2\junit-jupiter-params-5.8.2.jar;D:\Users\D3031104\.m2\repository\org\junit\jupiter\junit-jupiter-engine\5.8.2\junit-jupiter-engine-5.8.2.jar;D:\Users\D3031104\.m2\repository\org\junit\platform\junit-platform-engine\1.8.2\junit-platform-engine-1.8.2.jar;D:\Users\D3031104\.m2\repository\org\mockito\mockito-core\4.5.1\mockito-core-4.5.1.jar;D:\Users\D3031104\.m2\repository\net\bytebuddy\byte-buddy\1.12.23\byte-buddy-1.12.23.jar;D:\Users\D3031104\.m2\repository\net\bytebuddy\byte-buddy-agent\1.12.23\byte-buddy-agent-1.12.23.jar;D:\Users\D3031104\.m2\repository\org\objenesis\objenesis\3.2\objenesis-3.2.jar;D:\Users\D3031104\.m2\repository\org\mockito\mockito-junit-jupiter\4.5.1\mockito-junit-jupiter-4.5.1.jar;D:\Users\D3031104\.m2\repository\org\skyscreamer\jsonassert\1.5.1\jsonassert-1.5.1.jar;D:\Users\D3031104\.m2\repository\com\vaadin\external\google\android-json\0.0.20131108.vaadin1\android-json-0.0.20131108.vaadin1.jar;D:\Users\D3031104\.m2\repository\org\springframework\spring-core\5.3.28\spring-core-5.3.28.jar;D:\Users\D3031104\.m2\repository\org\springframework\spring-jcl\5.3.28\spring-jcl-5.3.28.jar;D:\Users\D3031104\.m2\repository\org\springframework\spring-test\5.3.28\spring-test-5.3.28.jar;D:\Users\D3031104\.m2\repository\org\xmlunit\xmlunit-core\2.9.1\xmlunit-core-2.9.1.jar;D:\Users\D3031104\.m2\repository\org\slf4j\slf4j-api\1.7.32\slf4j-api-1.7.32.jar;D:\Users\D3031104\.m2\repository\ch\qos\logback\logback-classic\1.2.6\logback-classic-1.2.6.jar;D:\Users\D3031104\.m2\repository\ch\qos\logback\logback-core\1.2.12\logback-core-1.2.12.jar;D:\Users\D3031104\.m2\repository\org\springdoc\springdoc-openapi-ui\1.7.0\springdoc-openapi-ui-1.7.0.jar;D:\Users\D3031104\.m2\repository\org\springdoc\springdoc-openapi-webmvc-core\1.7.0\springdoc-openapi-webmvc-core-1.7.0.jar;D:\Users\D3031104\.m2\repository\org\springdoc\springdoc-openapi-common\1.7.0\springdoc-openapi-common-1.7.0.jar;D:\Users\D3031104\.m2\repository\io\swagger\core\v3\swagger-core\2.2.9\swagger-core-2.2.9.jar;D:\Users\D3031104\.m2\repository\org\apache\commons\commons-lang3\3.12.0\commons-lang3-3.12.0.jar;D:\Users\D3031104\.m2\repository\com\fasterxml\jackson\dataformat\jackson-dataformat-yaml\2.13.5\jackson-dataformat-yaml-2.13.5.jar;D:\Users\D3031104\.m2\repository\io\swagger\core\v3\swagger-annotations\2.2.9\swagger-annotations-2.2.9.jar;D:\Users\D3031104\.m2\repository\io\swagger\core\v3\swagger-models\2.2.9\swagger-models-2.2.9.jar;D:\Users\D3031104\.m2\repository\jakarta\validation\jakarta.validation-api\2.0.2\jakarta.validation-api-2.0.2.jar;D:\Users\D3031104\.m2\repository\org\webjars\swagger-ui\4.18.2\swagger-ui-4.18.2.jar;D:\Users\D3031104\.m2\repository\org\springframework\boot\spring-boot-starter-jdbc\2.7.13\spring-boot-starter-jdbc-2.7.13.jar;D:\Users\D3031104\.m2\repository\com\zaxxer\HikariCP\4.0.3\HikariCP-4.0.3.jar;D:\Users\D3031104\.m2\repository\org\springframework\spring-jdbc\5.3.28\spring-jdbc-5.3.28.jar;D:\Users\D3031104\.m2\repository\org\springframework\spring-tx\5.3.28\spring-tx-5.3.28.jar;D:\Users\D3031104\.m2\repository\org\xerial\sqlite-jdbc\3.36.0.3\sqlite-jdbc-3.36.0.3.jar;"/>
    <property name="java.vm.vendor" value="OpenLogic"/>
    <property name="sun.arch.data.model" value="64"/>
    <property name="user.variant" value=""/>
    <property name="java.vendor.url" value="https://openlogic.com/"/>
    <property name="user.timezone" value="GMT+08:00"/>
    <property name="java.vm.specification.version" value="11"/>
    <property name="os.name" value="Windows 10"/>
    <property name="sun.java.launcher" value="SUN_STANDARD"/>
    <property name="user.country" value="TW"/>
    <property name="sun.boot.library.path" value="D:\001-jdk\jdk-11.0.22\bin"/>
    <property name="sun.java.command" value="D:\Users\D3031104\AppData\Local\Temp\surefire295937029698591645\surefirebooter17573809394631312561.jar D:\Users\D3031104\AppData\Local\Temp\surefire295937029698591645 2024-03-18T12-06-52_657-jvmRun1 surefire7896058229143331298tmp surefire_010222052223184232237tmp"/>
    <property name="jdk.debug" value="release"/>
    <property name="surefire.test.class.path" value="D:\Users\D3031104\Desktop\asset-jpdc\target\test-classes;D:\Users\D3031104\Desktop\asset-jpdc\target\classes;D:\Users\D3031104\.m2\repository\org\springframework\boot\spring-boot-autoconfigure\2.7.13\spring-boot-autoconfigure-2.7.13.jar;D:\Users\D3031104\.m2\repository\org\springframework\boot\spring-boot\2.7.13\spring-boot-2.7.13.jar;D:\Users\D3031104\.m2\repository\org\springframework\spring-context\5.3.28\spring-context-5.3.28.jar;D:\Users\D3031104\.m2\repository\commons-logging\commons-logging\1.3.0\commons-logging-1.3.0.jar;D:\Users\D3031104\.m2\repository\com\google\code\gson\gson\2.10.1\gson-2.10.1.jar;D:\Users\D3031104\.m2\repository\org\apache\httpcomponents\httpclient\4.5.13\httpclient-4.5.13.jar;D:\Users\D3031104\.m2\repository\commons-codec\commons-codec\1.15\commons-codec-1.15.jar;D:\Users\D3031104\.m2\repository\org\apache\httpcomponents\httpcore\4.4.16\httpcore-4.4.16.jar;D:\Users\D3031104\.m2\repository\org\springframework\boot\spring-boot-starter-web\2.7.13\spring-boot-starter-web-2.7.13.jar;D:\Users\D3031104\.m2\repository\org\springframework\boot\spring-boot-starter\2.7.13\spring-boot-starter-2.7.13.jar;D:\Users\D3031104\.m2\repository\org\springframework\boot\spring-boot-starter-logging\2.7.13\spring-boot-starter-logging-2.7.13.jar;D:\Users\D3031104\.m2\repository\org\apache\logging\log4j\log4j-to-slf4j\2.17.2\log4j-to-slf4j-2.17.2.jar;D:\Users\D3031104\.m2\repository\org\apache\logging\log4j\log4j-api\2.17.2\log4j-api-2.17.2.jar;D:\Users\D3031104\.m2\repository\org\slf4j\jul-to-slf4j\1.7.36\jul-to-slf4j-1.7.36.jar;D:\Users\D3031104\.m2\repository\org\yaml\snakeyaml\1.30\snakeyaml-1.30.jar;D:\Users\D3031104\.m2\repository\org\springframework\boot\spring-boot-starter-json\2.7.13\spring-boot-starter-json-2.7.13.jar;D:\Users\D3031104\.m2\repository\com\fasterxml\jackson\core\jackson-databind\2.13.5\jackson-databind-2.13.5.jar;D:\Users\D3031104\.m2\repository\com\fasterxml\jackson\core\jackson-annotations\2.13.5\jackson-annotations-2.13.5.jar;D:\Users\D3031104\.m2\repository\com\fasterxml\jackson\core\jackson-core\2.13.5\jackson-core-2.13.5.jar;D:\Users\D3031104\.m2\repository\com\fasterxml\jackson\datatype\jackson-datatype-jdk8\2.13.5\jackson-datatype-jdk8-2.13.5.jar;D:\Users\D3031104\.m2\repository\com\fasterxml\jackson\datatype\jackson-datatype-jsr310\2.13.5\jackson-datatype-jsr310-2.13.5.jar;D:\Users\D3031104\.m2\repository\com\fasterxml\jackson\module\jackson-module-parameter-names\2.13.5\jackson-module-parameter-names-2.13.5.jar;D:\Users\D3031104\.m2\repository\org\springframework\spring-web\5.3.28\spring-web-5.3.28.jar;D:\Users\D3031104\.m2\repository\org\springframework\spring-beans\5.3.28\spring-beans-5.3.28.jar;D:\Users\D3031104\.m2\repository\org\springframework\spring-webmvc\5.3.28\spring-webmvc-5.3.28.jar;D:\Users\D3031104\.m2\repository\org\springframework\spring-aop\5.3.28\spring-aop-5.3.28.jar;D:\Users\D3031104\.m2\repository\org\springframework\spring-expression\5.3.28\spring-expression-5.3.28.jar;D:\Users\D3031104\.m2\repository\org\springframework\boot\spring-boot-devtools\2.7.13\spring-boot-devtools-2.7.13.jar;D:\Users\D3031104\.m2\repository\org\springframework\boot\spring-boot-starter-tomcat\2.7.13\spring-boot-starter-tomcat-2.7.13.jar;D:\Users\D3031104\.m2\repository\jakarta\annotation\jakarta.annotation-api\1.3.5\jakarta.annotation-api-1.3.5.jar;D:\Users\D3031104\.m2\repository\org\apache\tomcat\embed\tomcat-embed-core\9.0.76\tomcat-embed-core-9.0.76.jar;D:\Users\D3031104\.m2\repository\org\apache\tomcat\embed\tomcat-embed-el\9.0.76\tomcat-embed-el-9.0.76.jar;D:\Users\D3031104\.m2\repository\org\apache\tomcat\embed\tomcat-embed-websocket\9.0.76\tomcat-embed-websocket-9.0.76.jar;D:\Users\D3031104\.m2\repository\org\springframework\boot\spring-boot-starter-test\2.7.13\spring-boot-starter-test-2.7.13.jar;D:\Users\D3031104\.m2\repository\org\springframework\boot\spring-boot-test\2.7.13\spring-boot-test-2.7.13.jar;D:\Users\D3031104\.m2\repository\org\springframework\boot\spring-boot-test-autoconfigure\2.7.13\spring-boot-test-autoconfigure-2.7.13.jar;D:\Users\D3031104\.m2\repository\com\jayway\jsonpath\json-path\2.7.0\json-path-2.7.0.jar;D:\Users\D3031104\.m2\repository\net\minidev\json-smart\2.4.11\json-smart-2.4.11.jar;D:\Users\D3031104\.m2\repository\net\minidev\accessors-smart\2.4.11\accessors-smart-2.4.11.jar;D:\Users\D3031104\.m2\repository\org\ow2\asm\asm\9.3\asm-9.3.jar;D:\Users\D3031104\.m2\repository\jakarta\xml\bind\jakarta.xml.bind-api\2.3.3\jakarta.xml.bind-api-2.3.3.jar;D:\Users\D3031104\.m2\repository\jakarta\activation\jakarta.activation-api\1.2.2\jakarta.activation-api-1.2.2.jar;D:\Users\D3031104\.m2\repository\org\assertj\assertj-core\3.22.0\assertj-core-3.22.0.jar;D:\Users\D3031104\.m2\repository\org\hamcrest\hamcrest\2.2\hamcrest-2.2.jar;D:\Users\D3031104\.m2\repository\org\junit\jupiter\junit-jupiter\5.8.2\junit-jupiter-5.8.2.jar;D:\Users\D3031104\.m2\repository\org\junit\jupiter\junit-jupiter-api\5.8.2\junit-jupiter-api-5.8.2.jar;D:\Users\D3031104\.m2\repository\org\opentest4j\opentest4j\1.2.0\opentest4j-1.2.0.jar;D:\Users\D3031104\.m2\repository\org\junit\platform\junit-platform-commons\1.8.2\junit-platform-commons-1.8.2.jar;D:\Users\D3031104\.m2\repository\org\apiguardian\apiguardian-api\1.1.2\apiguardian-api-1.1.2.jar;D:\Users\D3031104\.m2\repository\org\junit\jupiter\junit-jupiter-params\5.8.2\junit-jupiter-params-5.8.2.jar;D:\Users\D3031104\.m2\repository\org\junit\jupiter\junit-jupiter-engine\5.8.2\junit-jupiter-engine-5.8.2.jar;D:\Users\D3031104\.m2\repository\org\junit\platform\junit-platform-engine\1.8.2\junit-platform-engine-1.8.2.jar;D:\Users\D3031104\.m2\repository\org\mockito\mockito-core\4.5.1\mockito-core-4.5.1.jar;D:\Users\D3031104\.m2\repository\net\bytebuddy\byte-buddy\1.12.23\byte-buddy-1.12.23.jar;D:\Users\D3031104\.m2\repository\net\bytebuddy\byte-buddy-agent\1.12.23\byte-buddy-agent-1.12.23.jar;D:\Users\D3031104\.m2\repository\org\objenesis\objenesis\3.2\objenesis-3.2.jar;D:\Users\D3031104\.m2\repository\org\mockito\mockito-junit-jupiter\4.5.1\mockito-junit-jupiter-4.5.1.jar;D:\Users\D3031104\.m2\repository\org\skyscreamer\jsonassert\1.5.1\jsonassert-1.5.1.jar;D:\Users\D3031104\.m2\repository\com\vaadin\external\google\android-json\0.0.20131108.vaadin1\android-json-0.0.20131108.vaadin1.jar;D:\Users\D3031104\.m2\repository\org\springframework\spring-core\5.3.28\spring-core-5.3.28.jar;D:\Users\D3031104\.m2\repository\org\springframework\spring-jcl\5.3.28\spring-jcl-5.3.28.jar;D:\Users\D3031104\.m2\repository\org\springframework\spring-test\5.3.28\spring-test-5.3.28.jar;D:\Users\D3031104\.m2\repository\org\xmlunit\xmlunit-core\2.9.1\xmlunit-core-2.9.1.jar;D:\Users\D3031104\.m2\repository\org\slf4j\slf4j-api\1.7.32\slf4j-api-1.7.32.jar;D:\Users\D3031104\.m2\repository\ch\qos\logback\logback-classic\1.2.6\logback-classic-1.2.6.jar;D:\Users\D3031104\.m2\repository\ch\qos\logback\logback-core\1.2.12\logback-core-1.2.12.jar;D:\Users\D3031104\.m2\repository\org\springdoc\springdoc-openapi-ui\1.7.0\springdoc-openapi-ui-1.7.0.jar;D:\Users\D3031104\.m2\repository\org\springdoc\springdoc-openapi-webmvc-core\1.7.0\springdoc-openapi-webmvc-core-1.7.0.jar;D:\Users\D3031104\.m2\repository\org\springdoc\springdoc-openapi-common\1.7.0\springdoc-openapi-common-1.7.0.jar;D:\Users\D3031104\.m2\repository\io\swagger\core\v3\swagger-core\2.2.9\swagger-core-2.2.9.jar;D:\Users\D3031104\.m2\repository\org\apache\commons\commons-lang3\3.12.0\commons-lang3-3.12.0.jar;D:\Users\D3031104\.m2\repository\com\fasterxml\jackson\dataformat\jackson-dataformat-yaml\2.13.5\jackson-dataformat-yaml-2.13.5.jar;D:\Users\D3031104\.m2\repository\io\swagger\core\v3\swagger-annotations\2.2.9\swagger-annotations-2.2.9.jar;D:\Users\D3031104\.m2\repository\io\swagger\core\v3\swagger-models\2.2.9\swagger-models-2.2.9.jar;D:\Users\D3031104\.m2\repository\jakarta\validation\jakarta.validation-api\2.0.2\jakarta.validation-api-2.0.2.jar;D:\Users\D3031104\.m2\repository\org\webjars\swagger-ui\4.18.2\swagger-ui-4.18.2.jar;D:\Users\D3031104\.m2\repository\org\springframework\boot\spring-boot-starter-jdbc\2.7.13\spring-boot-starter-jdbc-2.7.13.jar;D:\Users\D3031104\.m2\repository\com\zaxxer\HikariCP\4.0.3\HikariCP-4.0.3.jar;D:\Users\D3031104\.m2\repository\org\springframework\spring-jdbc\5.3.28\spring-jdbc-5.3.28.jar;D:\Users\D3031104\.m2\repository\org\springframework\spring-tx\5.3.28\spring-tx-5.3.28.jar;D:\Users\D3031104\.m2\repository\org\xerial\sqlite-jdbc\3.36.0.3\sqlite-jdbc-3.36.0.3.jar;"/>
    <property name="sun.cpu.endian" value="little"/>
    <property name="user.home" value="D:\Users\D3031104"/>
    <property name="user.language" value="zh"/>
    <property name="java.specification.vendor" value="Oracle Corporation"/>
    <property name="java.version.date" value="2024-01-16"/>
    <property name="java.home" value="D:\001-jdk\jdk-11.0.22"/>
    <property name="file.separator" value="\"/>
    <property name="basedir" value="D:\Users\D3031104\Desktop\asset-jpdc"/>
    <property name="java.vm.compressedOopsMode" value="Zero based"/>
    <property name="line.separator" value="&#10;"/>
    <property name="java.specification.name" value="Java Platform API Specification"/>
    <property name="java.vm.specification.vendor" value="Oracle Corporation"/>
    <property name="java.awt.graphicsenv" value="sun.awt.Win32GraphicsEnvironment"/>
    <property name="surefire.real.class.path" value="D:\Users\D3031104\AppData\Local\Temp\surefire295937029698591645\surefirebooter17573809394631312561.jar"/>
    <property name="user.script" value=""/>
    <property name="sun.management.compiler" value="HotSpot 64-Bit Tiered Compilers"/>
    <property name="java.runtime.version" value="11.0.22+7-adhoc..jdk11u"/>
    <property name="user.name" value="D3031104"/>
    <property name="path.separator" value=";"/>
    <property name="os.version" value="10.0"/>
    <property name="java.runtime.name" value="OpenJDK Runtime Environment"/>
    <property name="file.encoding" value="MS950"/>
    <property name="java.vm.name" value="OpenJDK 64-Bit Server VM"/>
    <property name="java.vendor.version" value="OpenLogic-OpenJDK"/>
    <property name="localRepository" value="D:\Users\D3031104\.m2\repository"/>
    <property name="java.vendor.url.bug" value="https://techsupport.roguewave.com/"/>
    <property name="java.io.tmpdir" value="D:\Users\D3031104\AppData\Local\Temp\"/>
    <property name="java.version" value="11.0.22"/>
    <property name="user.dir" value="D:\Users\D3031104\Desktop\asset-jpdc"/>
    <property name="os.arch" value="amd64"/>
    <property name="java.vm.specification.name" value="Java Virtual Machine Specification"/>
    <property name="java.awt.printerjob" value="sun.awt.windows.WPrinterJob"/>
    <property name="sun.os.patch.level" value=""/>
    <property name="java.library.path" value="D:\001-jdk\jdk-11.0.22\bin;C:\Windows\Sun\Java\bin;C:\Windows\system32;C:\Windows;C:\APP\OracleClient\11.2.0\client_1\BIN;C:\Program Files (x86)\ibm\gsk8\lib;C:\Program Files (x86)\ibm\gsk8\bin;C:\APP\IBM Informix Connect\bin;C:\Windows\SysWOW64;C:\Windows\system32;C:\Windows;C:\Windows\System32\Wbem;C:\Windows\System32\WindowsPowerShell\v1.0\;C:\Windows\System32\OpenSSH\;C:\APP\FileNet\FNSW\CLIENT\BIN;C:\APP\FileNet\FNSW\CLIENT\SHOBJ;C:\Program Files (x86)\Microsoft SQL Server\Client SDK\ODBC\130\Tools\Binn\;C:\Program Files (x86)\Microsoft SQL Server\140\Tools\Binn\;C:\Program Files (x86)\Microsoft SQL Server\140\DTS\Binn\;C:\Program Files (x86)\Microsoft SQL Server\140\Tools\Binn\ManagementStudio\;D:\Users\D3031104\AppData\Local\Microsoft\WindowsApps;D:\Git\cmd;D:\001-jdk\jdk-11.0.22\bin;D:\003-maven\apache-maven-3.9.6\bin;;D:\998-IDE\VSC\bin;."/>
    <property name="java.vm.info" value="mixed mode"/>
    <property name="java.vendor" value="OpenLogic"/>
    <property name="java.vm.version" value="11.0.22+7-adhoc..jdk11u"/>
    <property name="java.specification.maintenance.version" value="2"/>
    <property name="sun.io.unicode.encoding" value="UnicodeLittle"/>
    <property name="java.class.version" value="55.0"/>
  </properties>
  <testcase name="contextLoads" classname="com.mli.assetjdbc.ApiSpringBoot2ApplicationTests" time="0.236"/>
</testsuite>